Arguments: 
  D:\Cài đặt\node.exe C:\Program Files (x86)\Yarn\bin\yarn.js start

PATH: 
  C:\Program Files\NVIDIA GPU Computing Toolkit\CUDA\v10.1\bin;C:\Program Files\NVIDIA GPU Computing Toolkit\CUDA\v10.1\libnvvp;C:\Program Files (x86)\Common Files\Intel\Shared Libraries\redist\intel64\compiler;C:\Windows\system32;C:\Windows;C:\Windows\System32\Wbem;C:\Windows\System32\WindowsPowerShell\v1.0\;C:\Windows\System32\OpenSSH\;D:\Cài đặt\;C:\Program Files (x86)\Yarn\bin\;C:\Program Files\Git\cmd;C:\Python37;C:\Python37\Scripts;C:\Program Files\NVIDIA Corporation\Nsight Compute 2019.1\;C:\Program Files (x86)\NVIDIA Corporation\PhysX\Common;C:\Program Files\NVIDIA Corporation\NVIDIA NvDLISR;C:\Users\Quang pavilion\AppData\Local\Microsoft\WindowsApps;D:\App\Microsoft VS Code\bin;C:\Users\Quang pavilion\AppData\Roaming\npm;C:\Users\Quang pavilion\AppData\Local\Yarn\bin;C:\Python37\Scripts;

Yarn version: 
  1.22.5

Node version: 
  14.15.1

Platform: 
  win32 x64

Trace: 
  SyntaxError: E:\TAI LIEU HOC TAP NAM 3\HK1 NAM 3\Lap trinh mang\Video Call\Video-Meeting-master\package.json: Unexpected token } in JSON at position 1312
      at JSON.parse (<anonymous>)
      at C:\Program Files (x86)\Yarn\lib\cli.js:1625:59
      at Generator.next (<anonymous>)
      at step (C:\Program Files (x86)\Yarn\lib\cli.js:310:30)
      at C:\Program Files (x86)\Yarn\lib\cli.js:321:13

npm manifest: 
  {
    "name": "video",
    "version": "0.1.0",
    "private": true,
    "dependencies": {
      "@material-ui/core": "^4.9.7",
      "@material-ui/icons": "^4.9.1",
      "@testing-library/jest-dom": "^4.2.4",
      "@testing-library/react": "^9.3.2",
      "@testing-library/user-event": "^7.1.2",
      "antd": "^4.1.4",
      "bootstrap": "^4.4.1",
      "concurrently": "^5.1.0",
      "cors": "^2.8.5",
      "express": "^4.17.1",
      "faker": "^4.1.0",
      "nodemon": "^2.0.2",
      "react": "^16.13.1",
      "react-bootstrap": "^1.0.0",
      "react-css-grid": "^2.0.0-0",
      "react-dom": "^16.13.1",
      "react-flexbox-grid": "^2.1.2",
      "react-grid-layout": "^0.18.3",
      "react-grid-system": "^6.3.0",
      "react-native": "^0.62.1",
      "react-router": "^5.1.2",
      "react-router-dom": "^5.1.2",
      "react-scripts": "3.4.1",
      "reactstrap": "^8.4.1",
      "socket.io": "^2.3.0",
      "socket.io-client": "^2.3.0",
      "standard": "^14.3.3",
      "xss": "^1.0.8"
    },
    "scripts": {
      "dev": "concurrently -n 'server,client' -c 'red,green'  \"nodemon app.js\" \"NODE_ENV=dev PORT=8000 react-scripts start\"",
      "server": "NODE_ENV=production nodemon app.js",
      "build": "react-scripts build",
      "test": "react-scripts test",
      "eject": "react-scripts eject",
      "start": "webpack-dev-server --mode development",
      
    },
    "eslintConfig": {
      "extends": "react-app"
    },
    "browserslist": {
      "production": [
        ">0.2%",
        "not dead",
        "not op_mini all"
      ],
      "development": [
        "last 1 chrome version",
        "last 1 firefox version",
        "last 1 safari version"
      ]
    }
    
  }

yarn manifest: 
  No manifest

Lockfile: 
  No lockfile
